<?xml version="1.0" encoding="UTF-8"?>
<!-- Generated by org.testng.reporters.JUnitReportReporter -->
<testsuite hostname="RamAmirneni" failures="0" tests="1" name="com.TestCases.TC_01_LoginTest" time="6.014" errors="0" timestamp="2024-10-14T13:28:43 IST" skipped="0">
  <testcase classname="com.TestCases.TC_01_LoginTest" name="LoginTest" time="6.014"/>
</testsuite> <!-- com.TestCases.TC_01_LoginTest -->
