<?xml version="1.0" encoding="UTF-8"?>
<!-- Generated by org.testng.reporters.JUnitReportReporter -->
<testsuite hostname="RamAmirneni" failures="0" tests="1" name="com.TestCases.TC_03_SelectHotelTest" time="4.461" errors="0" timestamp="2024-10-14T13:28:43 IST" skipped="0">
  <testcase classname="com.TestCases.TC_03_SelectHotelTest" name="SearchHotelTest" time="4.461"/>
</testsuite> <!-- com.TestCases.TC_03_SelectHotelTest -->
